<?xml version="1.0" encoding="UTF-8"?>
<!-- Generated by org.testng.reporters.JUnitReportReporter -->
<testsuite skipped="0" hostname="LP95" name="pom2.TestCase"
	tests="1" failures="0" timestamp="2022-06-28T20:38:54 IST" time="4.814"
	errors="0">
	<testcase name="LoginPage" time="4.814"
		classname="pom2.TestCase" />
	<system-out />
</testsuite> <!-- pom2.TestCase -->
