<?xml version="1.0" encoding="UTF-8"?>
<!-- Generated by org.testng.reporters.JUnitReportReporter -->
<testsuite skipped="0" hostname="LP95" name="pom2.provi"
	tests="2" failures="0" timestamp="2022-06-29T15:42:32 IST"
	time="26.896" errors="0">
	<testcase name="klm" time="15.749" classname="pom2.provi" />
	<system-out />
	<testcase name="klm" time="11.147" classname="pom2.provi" />
	<system-out />
</testsuite> <!-- pom2.provi -->
