<?xml version="1.0" encoding="UTF-8"?>
<!-- Generated by org.testng.reporters.JUnitReportReporter -->
<testsuite skipped="0" hostname="LP95" name="testng.ass1"
	tests="1" failures="0" timestamp="2022-06-28T13:27:08 IST" time="0.011"
	errors="0">
	<testcase name="ass" time="0.011" classname="testng.ass1" />
	<system-out />
</testsuite> <!-- testng.ass1 -->
