<?xml version="1.0" encoding="UTF-8"?>
<!-- Generated by org.testng.reporters.JUnitReportReporter -->
<testsuite skipped="0" hostname="LP95" name="testng.program1"
	tests="1" failures="0" timestamp="2022-06-21T18:22:54 IST" time="0.009"
	errors="0">
	<testcase name="test6" time="0.009"
		classname="testng.program1" />
	<system-out />
</testsuite> <!-- testng.program1 -->
