<?xml version="1.0" encoding="UTF-8"?>
<!-- Generated by org.testng.reporters.JUnitReportReporter -->
<testsuite skipped="0" hostname="LP95" name="Academy.Homepage" tests="1" failures="0" timestamp="2022-10-24T20:01:55 IST" time="11.293" errors="0">
  <testcase name="Test1" time="11.293" classname="Academy.Homepage"/>
  <system-out/>
</testsuite> <!-- Academy.Homepage -->
