<?xml version="1.0" encoding="UTF-8"?>
<!-- Generated by org.testng.reporters.JUnitReportReporter -->
<testsuite skipped="0" hostname="LP95" name="testng.pom2"
	tests="1" failures="0" timestamp="2022-06-21T16:37:20 IST" time="5.119"
	errors="0">
	<testcase name="email" time="5.119" classname="testng.pom2" />
	<system-out />
</testsuite> <!-- testng.pom2 -->
