<?xml version="1.0" encoding="UTF-8"?>
<!-- Generated by org.testng.reporters.JUnitReportReporter -->
<testsuite skipped="0" hostname="LP95"
	name="ShammiTestNg.Shammitestng2" tests="1" failures="0"
	timestamp="2022-06-27T18:21:37 IST" time="0.013" errors="0">
	<testcase name="ab" time="0.013"
		classname="ShammiTestNg.Shammitestng2" />
	<system-out />
</testsuite> <!-- ShammiTestNg.Shammitestng2 -->
