<?xml version="1.0" encoding="UTF-8"?>
<!-- Generated by org.testng.reporters.JUnitReportReporter -->
<testsuite skipped="0" hostname="LP95" name="testng.Revision1" tests="2" failures="0" timestamp="2022-10-10T15:10:07 IST" time="0.007" errors="0">
  <testcase name="a" time="0.002" classname="testng.Revision1"/>
  <system-out/>
  <testcase name="hellos" time="0.005" classname="testng.Revision1"/>
  <system-out/>
</testsuite> <!-- testng.Revision1 -->
