<?xml version="1.0" encoding="UTF-8"?>
<!-- Generated by org.testng.reporters.JUnitReportReporter -->
<testsuite skipped="0" hostname="LP95" name="Academy.Base"
	tests="1" failures="0" timestamp="2022-06-22T14:41:08 IST" time="0.010"
	errors="0">
	<testcase name="intial" time="0.010" classname="Academy.Base" />
	<system-out />
</testsuite> <!-- Academy.Base -->
