<?xml version="1.0" encoding="UTF-8"?>
<!-- Generated by org.testng.reporters.JUnitReportReporter -->
<testsuite skipped="0" hostname="LP95" name="trackit.testng"
	tests="4" failures="0" timestamp="2022-06-01T17:44:26 IST" time="0.011"
	errors="0">
	<testcase name="uj" time="0.005" classname="trackit.testng" />
	<system-out />
	<testcase name="b3" time="0.001" classname="trackit.testng" />
	<system-out />
	<testcase name="mkl" time="0.002" classname="trackit.testng" />
	<system-out />
	<testcase name="b1" time="0.003" classname="trackit.testng" />
	<system-out />
</testsuite> <!-- trackit.testng -->
