<?xml version="1.0" encoding="UTF-8"?>
<!-- Generated by org.testng.reporters.JUnitReportReporter -->
<testsuite skipped="0" hostname="LP95"
	name="ShammiTestNg.Testng1" tests="2" failures="0"
	timestamp="2022-06-27T16:45:01 IST" time="0.011" errors="0">
	<testcase name="fd" time="0.005"
		classname="ShammiTestNg.Testng1" />
	<system-out />
	<testcase name="b" time="0.006"
		classname="ShammiTestNg.Testng1" />
	<system-out />
</testsuite> <!-- ShammiTestNg.Testng1 -->
