<?xml version="1.0" encoding="UTF-8"?>
<!-- Generated by org.testng.reporters.JUnitReportReporter -->
<testsuite skipped="0" hostname="LP95" name="testng.Revision4" tests="3" failures="0" timestamp="2022-10-10T18:43:49 IST" time="0.016" errors="0">
  <testcase name="ms" time="0.012" classname="testng.Revision4"/>
  <system-out/>
  <testcase name="asl" time="0.002" classname="testng.Revision4"/>
  <system-out/>
  <testcase name="aslm" time="0.002" classname="testng.Revision4"/>
  <system-out/>
</testsuite> <!-- testng.Revision4 -->
