<?xml version="1.0" encoding="UTF-8"?>
<!-- Generated by org.testng.reporters.JUnitReportReporter -->
<testsuite skipped="0" hostname="LP95" name="testng.program2"
	tests="1" failures="0" timestamp="2022-06-21T18:22:54 IST" time="0.001"
	errors="0">
	<testcase name="test2" time="0.001"
		classname="testng.program2" />
	<system-out />
</testsuite> <!-- testng.program2 -->
