<?xml version="1.0" encoding="UTF-8"?>
<!-- Generated by org.testng.reporters.JUnitReportReporter -->
<testsuite skipped="0" hostname="LP95" name="testng.annotions"
	tests="3" failures="0" timestamp="2022-06-20T20:03:00 IST"
	time="52.587" errors="0">
	<testcase name="email" time="17.847"
		classname="testng.annotions" />
	<system-out />
	<testcase name="email" time="16.952"
		classname="testng.annotions" />
	<system-out />
	<testcase name="email" time="17.788"
		classname="testng.annotions" />
	<system-out />
</testsuite> <!-- testng.annotions -->
