<?xml version="1.0" encoding="UTF-8"?>
<!-- Generated by org.testng.reporters.JUnitReportReporter -->
<testsuite skipped="0" hostname="LP95" name="testng.Revision2" tests="3" failures="0" timestamp="2022-10-10T15:10:20 IST" time="0.016" errors="0">
  <testcase name="ops" time="0.002" classname="testng.Revision2"/>
  <system-out/>
  <testcase name="jk" time="0.012" classname="testng.Revision2"/>
  <system-out/>
  <testcase name="klm" time="0.002" classname="testng.Revision2"/>
  <system-out/>
</testsuite> <!-- testng.Revision2 -->
