<?xml version="1.0" encoding="UTF-8"?>
<!-- Generated by org.testng.reporters.JUnitReportReporter -->
<testsuite skipped="0" hostname="LP95" name="testng.Revision3" tests="2" failures="0" timestamp="2022-10-10T15:30:19 IST" time="9.433" errors="0">
  <testcase name="bkl" time="5.531" classname="testng.Revision3"/>
  <system-out/>
  <testcase name="bkl" time="3.902" classname="testng.Revision3"/>
  <system-out/>
</testsuite> <!-- testng.Revision3 -->
