<?xml version="1.0" encoding="UTF-8"?>
<!-- Generated by org.testng.reporters.JUnitReportReporter -->
<testsuite skipped="0" hostname="LP95" name="trackit.testng2"
	tests="2" failures="0" timestamp="2022-06-01T17:44:26 IST" time="0.003"
	errors="0">
	<testcase name="b7" time="0.002" classname="trackit.testng2" />
	<system-out />
	<testcase name="jfg" time="0.001" classname="trackit.testng2" />
	<system-out />
</testsuite> <!-- trackit.testng2 -->
