<?xml version="1.0" encoding="UTF-8"?>
<!-- Generated by org.testng.reporters.JUnitReportReporter -->
<testsuite skipped="0" hostname="LP95" name="ShammiTestNg.sh" tests="3" failures="0" timestamp="2022-07-20T19:39:16 IST" time="0.013" errors="0">
  <testcase name="ksi" time="0.003" classname="ShammiTestNg.sh"/>
  <system-out/>
  <testcase name="kp" time="0.009" classname="ShammiTestNg.sh"/>
  <system-out/>
  <testcase name="al" time="0.001" classname="ShammiTestNg.sh"/>
  <system-out/>
</testsuite> <!-- ShammiTestNg.sh -->
